[09:29:35] [Client thread/INFO]: Setting user: Player766
[09:29:48] [Client thread/INFO]: LWJGL Version: 2.9.4
[09:30:07] [Client thread/INFO]: Reloading ResourceManager: Default, FMLFileResourcePack:Forge Mod Loader, FMLFileResourcePack:Minecraft Forge, FMLFileResourcePack:Refraction, FMLFileResourcePack:Forgelin, FMLFileResourcePack:LibrarianLib Stage 2, FMLFileResourcePack:LibrarianLib, FMLFileResourcePack:LibrarianLib Test
[09:30:19] [Client thread/INFO]: [STDERR]: java.io.FileNotFoundException: refraction:textures/particles/streak_base.png
[09:30:19] [Client thread/INFO]: [STDERR]: 	at net.minecraft.client.resources.SimpleReloadableResourceManager.getResource(SimpleReloadableResourceManager.java:69)
[09:30:19] [Client thread/INFO]: [STDERR]: 	at com.teamwizardry.librarianlib.features.sprite.Texture.loadSpriteData(Texture.kt:75)
[09:30:19] [Client thread/INFO]: [STDERR]: 	at com.teamwizardry.librarianlib.features.sprite.Texture$Companion$register$1.runIfClient(Texture.kt:128)
[09:30:19] [Client thread/INFO]: [STDERR]: 	at com.teamwizardry.librarianlib.core.client.LibClientProxy.runIfClient(LibClientProxy.kt:106)
[09:30:19] [Client thread/INFO]: [STDERR]: 	at com.teamwizardry.librarianlib.features.utilities.client.ClientRunnable.run(ClientRunnable.java:24)
[09:30:19] [Client thread/INFO]: [STDERR]: 	at com.teamwizardry.librarianlib.core.client.LibClientProxy.onResourceManagerReload(LibClientProxy.kt:121)
[09:30:19] [Client thread/INFO]: [STDERR]: 	at net.minecraft.client.resources.SimpleReloadableResourceManager.registerReloadListener(SimpleReloadableResourceManager.java:122)
[09:30:19] [Client thread/INFO]: [STDERR]: 	at com.teamwizardry.librarianlib.core.client.LibClientProxy.latePre(LibClientProxy.kt:77)
[09:30:19] [Client thread/INFO]: [STDERR]: 	at com.teamwizardry.librarianlib.core.LateLoader.preInit(LateLoader.kt:13)
[09:30:19] [Client thread/INFO]: [STDERR]: 	at sun.reflect.NativeMethodAccessorImpl.invoke0(Native Method)
[09:30:19] [Client thread/INFO]: [STDERR]: 	at sun.reflect.NativeMethodAccessorImpl.invoke(NativeMethodAccessorImpl.java:62)
[09:30:19] [Client thread/INFO]: [STDERR]: 	at sun.reflect.DelegatingMethodAccessorImpl.invoke(DelegatingMethodAccessorImpl.java:43)
[09:30:19] [Client thread/INFO]: [STDERR]: 	at java.lang.reflect.Method.invoke(Method.java:498)
[09:30:19] [Client thread/INFO]: [STDERR]: 	at net.minecraftforge.fml.common.FMLModContainer.handleModStateEvent(FMLModContainer.java:643)
[09:30:19] [Client thread/INFO]: [STDERR]: 	at sun.reflect.NativeMethodAccessorImpl.invoke0(Native Method)
[09:30:19] [Client thread/INFO]: [STDERR]: 	at sun.reflect.NativeMethodAccessorImpl.invoke(NativeMethodAccessorImpl.java:62)
[09:30:19] [Client thread/INFO]: [STDERR]: 	at sun.reflect.DelegatingMethodAccessorImpl.invoke(DelegatingMethodAccessorImpl.java:43)
[09:30:19] [Client thread/INFO]: [STDERR]: 	at java.lang.reflect.Method.invoke(Method.java:498)
[09:30:19] [Client thread/INFO]: [STDERR]: 	at com.google.common.eventbus.EventSubscriber.handleEvent(EventSubscriber.java:74)
[09:30:19] [Client thread/INFO]: [STDERR]: 	at com.google.common.eventbus.SynchronizedEventSubscriber.handleEvent(SynchronizedEventSubscriber.java:47)
[09:30:19] [Client thread/INFO]: [STDERR]: 	at com.google.common.eventbus.EventBus.dispatch(EventBus.java:322)
[09:30:19] [Client thread/INFO]: [STDERR]: 	at com.google.common.eventbus.EventBus.dispatchQueuedEvents(EventBus.java:304)
[09:30:19] [Client thread/INFO]: [STDERR]: 	at com.google.common.eventbus.EventBus.post(EventBus.java:275)
[09:30:19] [Client thread/INFO]: [STDERR]: 	at net.minecraftforge.fml.common.LoadController.sendEventToModContainer(LoadController.java:252)
[09:30:19] [Client thread/INFO]: [STDERR]: 	at net.minecraftforge.fml.common.LoadController.propogateStateMessage(LoadController.java:230)
[09:30:19] [Client thread/INFO]: [STDERR]: 	at sun.reflect.NativeMethodAccessorImpl.invoke0(Native Method)
[09:30:19] [Client thread/INFO]: [STDERR]: 	at sun.reflect.NativeMethodAccessorImpl.invoke(NativeMethodAccessorImpl.java:62)
[09:30:19] [Client thread/INFO]: [STDERR]: 	at sun.reflect.DelegatingMethodAccessorImpl.invoke(DelegatingMethodAccessorImpl.java:43)
[09:30:19] [Client thread/INFO]: [STDERR]: 	at java.lang.reflect.Method.invoke(Method.java:498)
[09:30:19] [Client thread/INFO]: [STDERR]: 	at com.google.common.eventbus.EventSubscriber.handleEvent(EventSubscriber.java:74)
[09:30:19] [Client thread/INFO]: [STDERR]: 	at com.google.common.eventbus.SynchronizedEventSubscriber.handleEvent(SynchronizedEventSubscriber.java:47)
[09:30:19] [Client thread/INFO]: [STDERR]: 	at com.google.common.eventbus.EventBus.dispatch(EventBus.java:322)
[09:30:19] [Client thread/INFO]: [STDERR]: 	at com.google.common.eventbus.EventBus.dispatchQueuedEvents(EventBus.java:304)
[09:30:19] [Client thread/INFO]: [STDERR]: 	at com.google.common.eventbus.EventBus.post(EventBus.java:275)
[09:30:19] [Client thread/INFO]: [STDERR]: 	at net.minecraftforge.fml.common.LoadController.distributeStateMessage(LoadController.java:147)
[09:30:19] [Client thread/INFO]: [STDERR]: 	at net.minecraftforge.fml.common.Loader.preinitializeMods(Loader.java:647)
[09:30:19] [Client thread/INFO]: [STDERR]: 	at net.minecraftforge.fml.client.FMLClientHandler.beginMinecraftLoading(FMLClientHandler.java:276)
[09:30:19] [Client thread/INFO]: [STDERR]: 	at net.minecraft.client.Minecraft.init(Minecraft.java:478)
[09:30:19] [Client thread/INFO]: [STDERR]: 	at net.minecraft.client.Minecraft.run(Minecraft.java:387)
[09:30:19] [Client thread/INFO]: [STDERR]: 	at net.minecraft.client.main.Main.main(Main.java:118)
[09:30:19] [Client thread/INFO]: [STDERR]: 	at sun.reflect.NativeMethodAccessorImpl.invoke0(Native Method)
[09:30:19] [Client thread/INFO]: [STDERR]: 	at sun.reflect.NativeMethodAccessorImpl.invoke(NativeMethodAccessorImpl.java:62)
[09:30:19] [Client thread/INFO]: [STDERR]: 	at sun.reflect.DelegatingMethodAccessorImpl.invoke(DelegatingMethodAccessorImpl.java:43)
[09:30:19] [Client thread/INFO]: [STDERR]: 	at java.lang.reflect.Method.invoke(Method.java:498)
[09:30:19] [Client thread/INFO]: [STDERR]: 	at net.minecraft.launchwrapper.Launch.launch(Launch.java:135)
[09:30:19] [Client thread/INFO]: [STDERR]: 	at net.minecraft.launchwrapper.Launch.main(Launch.java:28)
[09:30:19] [Client thread/INFO]: [STDERR]: 	at sun.reflect.NativeMethodAccessorImpl.invoke0(Native Method)
[09:30:19] [Client thread/INFO]: [STDERR]: 	at sun.reflect.NativeMethodAccessorImpl.invoke(NativeMethodAccessorImpl.java:62)
[09:30:19] [Client thread/INFO]: [STDERR]: 	at sun.reflect.DelegatingMethodAccessorImpl.invoke(DelegatingMethodAccessorImpl.java:43)
[09:30:19] [Client thread/INFO]: [STDERR]: 	at java.lang.reflect.Method.invoke(Method.java:498)
[09:30:19] [Client thread/INFO]: [STDERR]: 	at net.minecraftforge.gradle.GradleStartCommon.launch(GradleStartCommon.java:97)
[09:30:19] [Client thread/INFO]: [STDERR]: 	at GradleStart.main(GradleStart.java:26)
[09:30:19] [Client thread/INFO]: [STDERR]: java.io.FileNotFoundException: refraction:textures/particles/streak_base.png
[09:30:19] [Client thread/INFO]: [STDERR]: 	at net.minecraft.client.resources.SimpleReloadableResourceManager.getResource(SimpleReloadableResourceManager.java:69)
[09:30:19] [Client thread/INFO]: [STDERR]: 	at com.teamwizardry.librarianlib.features.sprite.Texture.loadSpriteData(Texture.kt:75)
[09:30:19] [Client thread/INFO]: [STDERR]: 	at com.teamwizardry.librarianlib.features.sprite.Texture$Companion$register$1.runIfClient(Texture.kt:128)
[09:30:19] [Client thread/INFO]: [STDERR]: 	at com.teamwizardry.librarianlib.core.client.LibClientProxy.runIfClient(LibClientProxy.kt:106)
[09:30:19] [Client thread/INFO]: [STDERR]: 	at com.teamwizardry.librarianlib.features.utilities.client.ClientRunnable.run(ClientRunnable.java:24)
[09:30:19] [Client thread/INFO]: [STDERR]: 	at com.teamwizardry.librarianlib.core.client.LibClientProxy.onResourceManagerReload(LibClientProxy.kt:121)
[09:30:19] [Client thread/INFO]: [STDERR]: 	at com.teamwizardry.librarianlib.core.client.LibClientProxy.latePre(LibClientProxy.kt:78)
[09:30:19] [Client thread/INFO]: [STDERR]: 	at com.teamwizardry.librarianlib.core.LateLoader.preInit(LateLoader.kt:13)
[09:30:19] [Client thread/INFO]: [STDERR]: 	at sun.reflect.NativeMethodAccessorImpl.invoke0(Native Method)
[09:30:19] [Client thread/INFO]: [STDERR]: 	at sun.reflect.NativeMethodAccessorImpl.invoke(NativeMethodAccessorImpl.java:62)
[09:30:19] [Client thread/INFO]: [STDERR]: 	at sun.reflect.DelegatingMethodAccessorImpl.invoke(DelegatingMethodAccessorImpl.java:43)
[09:30:19] [Client thread/INFO]: [STDERR]: 	at java.lang.reflect.Method.invoke(Method.java:498)
[09:30:19] [Client thread/INFO]: [STDERR]: 	at net.minecraftforge.fml.common.FMLModContainer.handleModStateEvent(FMLModContainer.java:643)
[09:30:19] [Client thread/INFO]: [STDERR]: 	at sun.reflect.NativeMethodAccessorImpl.invoke0(Native Method)
[09:30:19] [Client thread/INFO]: [STDERR]: 	at sun.reflect.NativeMethodAccessorImpl.invoke(NativeMethodAccessorImpl.java:62)
[09:30:19] [Client thread/INFO]: [STDERR]: 	at sun.reflect.DelegatingMethodAccessorImpl.invoke(DelegatingMethodAccessorImpl.java:43)
[09:30:19] [Client thread/INFO]: [STDERR]: 	at java.lang.reflect.Method.invoke(Method.java:498)
[09:30:19] [Client thread/INFO]: [STDERR]: 	at com.google.common.eventbus.EventSubscriber.handleEvent(EventSubscriber.java:74)
[09:30:19] [Client thread/INFO]: [STDERR]: 	at com.google.common.eventbus.SynchronizedEventSubscriber.handleEvent(SynchronizedEventSubscriber.java:47)
[09:30:19] [Client thread/INFO]: [STDERR]: 	at com.google.common.eventbus.EventBus.dispatch(EventBus.java:322)
[09:30:19] [Client thread/INFO]: [STDERR]: 	at com.google.common.eventbus.EventBus.dispatchQueuedEvents(EventBus.java:304)
[09:30:19] [Client thread/INFO]: [STDERR]: 	at com.google.common.eventbus.EventBus.post(EventBus.java:275)
[09:30:19] [Client thread/INFO]: [STDERR]: 	at net.minecraftforge.fml.common.LoadController.sendEventToModContainer(LoadController.java:252)
[09:30:19] [Client thread/INFO]: [STDERR]: 	at net.minecraftforge.fml.common.LoadController.propogateStateMessage(LoadController.java:230)
[09:30:19] [Client thread/INFO]: [STDERR]: 	at sun.reflect.NativeMethodAccessorImpl.invoke0(Native Method)
[09:30:19] [Client thread/INFO]: [STDERR]: 	at sun.reflect.NativeMethodAccessorImpl.invoke(NativeMethodAccessorImpl.java:62)
[09:30:19] [Client thread/INFO]: [STDERR]: 	at sun.reflect.DelegatingMethodAccessorImpl.invoke(DelegatingMethodAccessorImpl.java:43)
[09:30:19] [Client thread/INFO]: [STDERR]: 	at java.lang.reflect.Method.invoke(Method.java:498)
[09:30:19] [Client thread/INFO]: [STDERR]: 	at com.google.common.eventbus.EventSubscriber.handleEvent(EventSubscriber.java:74)
[09:30:19] [Client thread/INFO]: [STDERR]: 	at com.google.common.eventbus.SynchronizedEventSubscriber.handleEvent(SynchronizedEventSubscriber.java:47)
[09:30:19] [Client thread/INFO]: [STDERR]: 	at com.google.common.eventbus.EventBus.dispatch(EventBus.java:322)
[09:30:19] [Client thread/INFO]: [STDERR]: 	at com.google.common.eventbus.EventBus.dispatchQueuedEvents(EventBus.java:304)
[09:30:19] [Client thread/INFO]: [STDERR]: 	at com.google.common.eventbus.EventBus.post(EventBus.java:275)
[09:30:19] [Client thread/INFO]: [STDERR]: 	at net.minecraftforge.fml.common.LoadController.distributeStateMessage(LoadController.java:147)
[09:30:19] [Client thread/INFO]: [STDERR]: 	at net.minecraftforge.fml.common.Loader.preinitializeMods(Loader.java:647)
[09:30:19] [Client thread/INFO]: [STDERR]: 	at net.minecraftforge.fml.client.FMLClientHandler.beginMinecraftLoading(FMLClientHandler.java:276)
[09:30:19] [Client thread/INFO]: [STDERR]: 	at net.minecraft.client.Minecraft.init(Minecraft.java:478)
[09:30:19] [Client thread/INFO]: [STDERR]: 	at net.minecraft.client.Minecraft.run(Minecraft.java:387)
[09:30:19] [Client thread/INFO]: [STDERR]: 	at net.minecraft.client.main.Main.main(Main.java:118)
[09:30:19] [Client thread/INFO]: [STDERR]: 	at sun.reflect.NativeMethodAccessorImpl.invoke0(Native Method)
[09:30:19] [Client thread/INFO]: [STDERR]: 	at sun.reflect.NativeMethodAccessorImpl.invoke(NativeMethodAccessorImpl.java:62)
[09:30:19] [Client thread/INFO]: [STDERR]: 	at sun.reflect.DelegatingMethodAccessorImpl.invoke(DelegatingMethodAccessorImpl.java:43)
[09:30:19] [Client thread/INFO]: [STDERR]: 	at java.lang.reflect.Method.invoke(Method.java:498)
[09:30:19] [Client thread/INFO]: [STDERR]: 	at net.minecraft.launchwrapper.Launch.launch(Launch.java:135)
[09:30:19] [Client thread/INFO]: [STDERR]: 	at net.minecraft.launchwrapper.Launch.main(Launch.java:28)
[09:30:19] [Client thread/INFO]: [STDERR]: 	at sun.reflect.NativeMethodAccessorImpl.invoke0(Native Method)
[09:30:19] [Client thread/INFO]: [STDERR]: 	at sun.reflect.NativeMethodAccessorImpl.invoke(NativeMethodAccessorImpl.java:62)
[09:30:19] [Client thread/INFO]: [STDERR]: 	at sun.reflect.DelegatingMethodAccessorImpl.invoke(DelegatingMethodAccessorImpl.java:43)
[09:30:19] [Client thread/INFO]: [STDERR]: 	at java.lang.reflect.Method.invoke(Method.java:498)
[09:30:19] [Client thread/INFO]: [STDERR]: 	at net.minecraftforge.gradle.GradleStartCommon.launch(GradleStartCommon.java:97)
[09:30:19] [Client thread/INFO]: [STDERR]: 	at GradleStart.main(GradleStart.java:26)
[09:31:10] [Sound Library Loader/INFO]: Starting up SoundSystem...
[09:31:10] [Thread-8/INFO]: Initializing LWJGL OpenAL
[09:31:10] [Thread-8/INFO]: (The LWJGL binding of OpenAL.  For more information, see http://www.lwjgl.org)
[09:31:11] [Thread-8/INFO]: OpenAL initialized.
[09:31:11] [Sound Library Loader/INFO]: Sound engine started
[09:31:22] [Client thread/INFO]: Created: 16x16 textures-atlas
[09:31:24] [Client thread/INFO]: Reloading ResourceManager: Default, FMLFileResourcePack:Forge Mod Loader, FMLFileResourcePack:Minecraft Forge, FMLFileResourcePack:Refraction, FMLFileResourcePack:Forgelin, FMLFileResourcePack:LibrarianLib Stage 2, FMLFileResourcePack:LibrarianLib, FMLFileResourcePack:LibrarianLib Test
[09:31:24] [Client thread/INFO]: [STDERR]: java.io.FileNotFoundException: refraction:textures/particles/streak_base.png
[09:31:24] [Client thread/INFO]: [STDERR]: 	at net.minecraft.client.resources.SimpleReloadableResourceManager.getResource(SimpleReloadableResourceManager.java:69)
[09:31:24] [Client thread/INFO]: [STDERR]: 	at com.teamwizardry.librarianlib.features.sprite.Texture.loadSpriteData(Texture.kt:75)
[09:31:24] [Client thread/INFO]: [STDERR]: 	at com.teamwizardry.librarianlib.features.sprite.Texture$Companion$register$1.runIfClient(Texture.kt:128)
[09:31:24] [Client thread/INFO]: [STDERR]: 	at com.teamwizardry.librarianlib.core.client.LibClientProxy.runIfClient(LibClientProxy.kt:106)
[09:31:24] [Client thread/INFO]: [STDERR]: 	at com.teamwizardry.librarianlib.features.utilities.client.ClientRunnable.run(ClientRunnable.java:24)
[09:31:24] [Client thread/INFO]: [STDERR]: 	at com.teamwizardry.librarianlib.core.client.LibClientProxy.onResourceManagerReload(LibClientProxy.kt:121)
[09:31:24] [Client thread/INFO]: [STDERR]: 	at net.minecraft.client.resources.SimpleReloadableResourceManager.notifyReloadListeners(SimpleReloadableResourceManager.java:132)
[09:31:24] [Client thread/INFO]: [STDERR]: 	at net.minecraft.client.resources.SimpleReloadableResourceManager.reloadResources(SimpleReloadableResourceManager.java:113)
[09:31:24] [Client thread/INFO]: [STDERR]: 	at net.minecraft.client.Minecraft.refreshResources(Minecraft.java:808)
[09:31:24] [Client thread/INFO]: [STDERR]: 	at net.minecraftforge.fml.client.FMLClientHandler.finishMinecraftLoading(FMLClientHandler.java:373)
[09:31:24] [Client thread/INFO]: [STDERR]: 	at net.minecraft.client.Minecraft.init(Minecraft.java:562)
[09:31:24] [Client thread/INFO]: [STDERR]: 	at net.minecraft.client.Minecraft.run(Minecraft.java:387)
[09:31:24] [Client thread/INFO]: [STDERR]: 	at net.minecraft.client.main.Main.main(Main.java:118)
[09:31:24] [Client thread/INFO]: [STDERR]: 	at sun.reflect.NativeMethodAccessorImpl.invoke0(Native Method)
[09:31:24] [Client thread/INFO]: [STDERR]: 	at sun.reflect.NativeMethodAccessorImpl.invoke(NativeMethodAccessorImpl.java:62)
[09:31:24] [Client thread/INFO]: [STDERR]: 	at sun.reflect.DelegatingMethodAccessorImpl.invoke(DelegatingMethodAccessorImpl.java:43)
[09:31:24] [Client thread/INFO]: [STDERR]: 	at java.lang.reflect.Method.invoke(Method.java:498)
[09:31:24] [Client thread/INFO]: [STDERR]: 	at net.minecraft.launchwrapper.Launch.launch(Launch.java:135)
[09:31:24] [Client thread/INFO]: [STDERR]: 	at net.minecraft.launchwrapper.Launch.main(Launch.java:28)
[09:31:24] [Client thread/INFO]: [STDERR]: 	at sun.reflect.NativeMethodAccessorImpl.invoke0(Native Method)
[09:31:24] [Client thread/INFO]: [STDERR]: 	at sun.reflect.NativeMethodAccessorImpl.invoke(NativeMethodAccessorImpl.java:62)
[09:31:24] [Client thread/INFO]: [STDERR]: 	at sun.reflect.DelegatingMethodAccessorImpl.invoke(DelegatingMethodAccessorImpl.java:43)
[09:31:24] [Client thread/INFO]: [STDERR]: 	at java.lang.reflect.Method.invoke(Method.java:498)
[09:31:24] [Client thread/INFO]: [STDERR]: 	at net.minecraftforge.gradle.GradleStartCommon.launch(GradleStartCommon.java:97)
[09:31:24] [Client thread/INFO]: [STDERR]: 	at GradleStart.main(GradleStart.java:26)
[09:31:54] [Client thread/INFO]: SoundSystem shutting down...
[09:31:55] [Client thread/WARN]: Author: Paul Lamb, www.paulscode.com
[09:31:55] [Sound Library Loader/INFO]: Starting up SoundSystem...
[09:31:55] [Thread-10/INFO]: Initializing LWJGL OpenAL
[09:31:55] [Thread-10/INFO]: (The LWJGL binding of OpenAL.  For more information, see http://www.lwjgl.org)
[09:31:55] [Thread-10/INFO]: OpenAL initialized.
[09:31:55] [Sound Library Loader/INFO]: Sound engine started
[09:32:04] [Client thread/INFO]: Created: 512x512 textures-atlas
